Arguments: 
  /usr/local/Cellar/node/13.8.0/bin/node /usr/local/Cellar/yarn/1.22.0/libexec/bin/yarn.js

PATH: 
  /Users/ted/bin:/usr/local/bin:/usr/local/bin:/usr/bin:/bin:/usr/sbin:/sbin:/Applications/Visual Studio Code.app/Contents/Resources/app/bin:./node_modules/.bin/:/Users/ted/go/bin

Yarn version: 
  1.22.0

Node version: 
  13.8.0

Platform: 
  darwin x64

Trace: 
  Error: getaddrinfo ENOTFOUND npm.invision.works
      at GetAddrInfoReqWrap.onlookup [as oncomplete] (dns.js:64:26)

npm manifest: 
  {
    "name": "site",
    "version": "1.0.0",
    "scripts": {
      "clean": "rimraf dist",
      "build:webpack": "NODE_ENV=production webpack --bail --config webpack.config.prod.js",
      "build": "npm run clean && npm run build:webpack",
      "prestart": "npm install",
      "start": "node devServer.js",
      "lint": "eslint src"
    },
    "repository": {
      "type": "git",
      "url": "https://github.com/tedpennings/site.git"
    },
    "author": "Ted Pennings",
    "license": "MIT",
    "homepage": "http://ted.pennin.gs",
    "devDependencies": {
      "babel": "^5.8.23",
      "babel-core": "^5.4.7",
      "babel-eslint": "^4.1.3",
      "babel-loader": "^5.1.2",
      "babel-plugin-react-transform": "^1.1.1",
      "css-loader": "^0.23.0",
      "eslint": "^1.7.1",
      "eslint-plugin-react": "^3.6.2",
      "express": "^4.13.3",
      "file-loader": "^0.8.4",
      "html-webpack-plugin": "^1.6.2",
      "modularscale-sass": "^2.1.1",
      "node-reset-scss": "^1.0.1",
      "node-sass": "^3.2.0",
      "react-transform-catch-errors": "^1.0.0",
      "react-transform-hmr": "^1.0.0",
      "redbox-react": "^1.0.1",
      "rimraf": "^2.4.3",
      "sass-loader": "^3.0.0",
      "style-loader": "^0.13.0",
      "susy": "^2.2.12",
      "webpack": "^1.9.6",
      "webpack-dev-middleware": "^1.2.0",
      "webpack-hot-middleware": "^2.0.0"
    },
    "dependencies": {
      "es6-shim": "^0.35.0",
      "firebase": "^2.4.2",
      "immutable": "^3.7.6",
      "react": "^0.14.7",
      "react-dom": "^0.14.7",
      "react-remarkable": "^1.1.1",
      "react-router": "^2.0.0"
    }
  }

yarn manifest: 
  No manifest

Lockfile: 
  No lockfile
